<?xml version="1.0" encoding="UTF-8"?>
<!-- Generated by org.testng.reporters.JUnitXMLReporter -->
<testsuite ignored="3" hostname="LAPTOP-B2IDFSM7" failures="0" tests="1" name="orange-hrm-live-sw-5" time="12.401" errors="0" timestamp="2023-12-12T22:03:35 GMT">
  <testcase classname="com.orangehrmlive.demo.testsuite.LoginTest" name="verifyUserShouldLoginSuccessFully" time="2.892"/>
  <testcase classname="com.orangehrmlive.demo.testsuite.LoginTest" name="verifyUserShouldLogOutSuccessFully" time="0.0">
    <ignored/>
  </testcase> <!-- verifyUserShouldLogOutSuccessFully -->
  <testcase classname="com.orangehrmlive.demo.testsuite.LoginTest" name="VerifyThatTheLogoDisplayOnLoginPage" time="0.0">
    <ignored/>
  </testcase> <!-- VerifyThatTheLogoDisplayOnLoginPage -->
  <testcase classname="com.orangehrmlive.demo.testsuite.LoginTest" name="verifyErrorMessageWithInvalidCredentials" time="0.0">
    <ignored/>
  </testcase> <!-- verifyErrorMessageWithInvalidCredentials -->
</testsuite> <!-- orange-hrm-live-sw-5 -->
