<?xml version="1.0" encoding="UTF-8"?>
<testng-results ignored="0" total="1" passed="1" failed="0" skipped="0">
  <reporter-output>
  </reporter-output>
  <suite started-at="2023-12-12T22:03:23 GMT" name="Default Suite" finished-at="2023-12-12T22:03:35 GMT" duration-ms="12401">
    <groups>
      <group name="regression">
        <method signature="LoginTest.verifyUserShouldLoginSuccessFully()[pri:0, instance:com.orangehrmlive.demo.testsuite.LoginTest@4facf68f]" name="verifyUserShouldLoginSuccessFully" class="com.orangehrmlive.demo.testsuite.LoginTest"/>
      </group> <!-- regression -->
      <group name="smoke">
        <method signature="LoginTest.verifyUserShouldLoginSuccessFully()[pri:0, instance:com.orangehrmlive.demo.testsuite.LoginTest@4facf68f]" name="verifyUserShouldLoginSuccessFully" class="com.orangehrmlive.demo.testsuite.LoginTest"/>
      </group> <!-- smoke -->
      <group name="sanity">
        <method signature="LoginTest.verifyUserShouldLoginSuccessFully()[pri:0, instance:com.orangehrmlive.demo.testsuite.LoginTest@4facf68f]" name="verifyUserShouldLoginSuccessFully" class="com.orangehrmlive.demo.testsuite.LoginTest"/>
      </group> <!-- sanity -->
    </groups>
    <test started-at="2023-12-12T22:03:23 GMT" name="orange-hrm-live-sw-5" finished-at="2023-12-12T22:03:35 GMT" duration-ms="12401">
      <class name="com.orangehrmlive.demo.testsuite.LoginTest">
        <test-method is-config="true" signature="setUp()[pri:0, instance:com.orangehrmlive.demo.testsuite.LoginTest@4facf68f]" started-at="2023-12-12T22:03:24 GMT" name="setUp" finished-at="2023-12-12T22:03:31 GMT" duration-ms="7526" status="PASS">
          <reporter-output>
          </reporter-output>
        </test-method> <!-- setUp -->
        <test-method is-config="true" signature="inIt()[pri:0, instance:com.orangehrmlive.demo.testsuite.LoginTest@4facf68f]" started-at="2023-12-12T22:03:31 GMT" name="inIt" finished-at="2023-12-12T22:03:31 GMT" duration-ms="17" status="PASS">
          <reporter-output>
          </reporter-output>
        </test-method> <!-- inIt -->
        <test-method signature="verifyUserShouldLoginSuccessFully()[pri:0, instance:com.orangehrmlive.demo.testsuite.LoginTest@4facf68f]" started-at="2023-12-12T22:03:31 GMT" name="verifyUserShouldLoginSuccessFully" finished-at="2023-12-12T22:03:34 GMT" duration-ms="2892" status="PASS">
          <reporter-output>
          </reporter-output>
        </test-method> <!-- verifyUserShouldLoginSuccessFully -->
        <test-method is-config="true" signature="tearDown()[pri:0, instance:com.orangehrmlive.demo.testsuite.LoginTest@4facf68f]" started-at="2023-12-12T22:03:34 GMT" name="tearDown" finished-at="2023-12-12T22:03:35 GMT" duration-ms="785" status="PASS">
          <reporter-output>
          </reporter-output>
        </test-method> <!-- tearDown -->
      </class> <!-- com.orangehrmlive.demo.testsuite.LoginTest -->
    </test> <!-- orange-hrm-live-sw-5 -->
  </suite> <!-- Default Suite -->
</testng-results>
